<?xml version="1.0" encoding="UTF-8"?>
<coverage generated="1763727295810" clover="3.2.0">
  <project timestamp="1763727295810" name="All files">
    <metrics statements="3" coveredstatements="3" conditionals="2" coveredconditionals="1" methods="1" coveredmethods="1" elements="6" coveredelements="5" complexity="0" loc="3" ncloc="3" packages="1" files="1" classes="1"/>
    <file name="Greet.tsx" path="/home/vijaysurya.j/Training/Phase-2/phase-2-training/src/Testing/components/greet/Greet.tsx">
      <metrics statements="3" coveredstatements="3" conditionals="2" coveredconditionals="1" methods="1" coveredmethods="1"/>
      <line num="13" count="2" type="stmt"/>
      <line num="14" count="2" type="stmt"/>
      <line num="19" count="2" type="stmt"/>
    </file>
  </project>
</coverage>
