{"/home/vijaysurya.j/Training/Phase-2/phase-2-training/src/Testing/components/greet/Greet.tsx": {"path":"/home/vijaysurya.j/Training/Phase-2/phase-2-training/src/Testing/components/greet/Greet.tsx","statementMap":{"0":{"start":{"line":13,"column":14},"end":{"line":17,"column":1}},"1":{"start":{"line":14,"column":2},"end":{"line":16,"column":null}},"2":{"start":{"line":19,"column":0},"end":{"line":19,"column":null}}},"fnMap":{"0":{"name":"(anonymous_0)","decl":{"start":{"line":13,"column":14},"end":{"line":13,"column":15}},"loc":{"start":{"line":13,"column":35},"end":{"line":17,"column":1}}}},"branchMap":{"0":{"loc":{"start":{"line":15,"column":15},"end":{"line":15,"column":47}},"type":"cond-expr","locations":[{"start":{"line":15,"column":28},"end":{"line":15,"column":38}},{"start":{"line":15,"column":40},"end":{"line":15,"column":47}}]}},"s":{"0":2,"1":2,"2":2},"f":{"0":2},"b":{"0":[0,2]}}
}
